d:\projects\myo.net\source\myo.net\myo.net\debug\myo.net.pch
d:\projects\myo.net\source\myo.net\myo.net\debug\vc120.pdb
d:\projects\myo.net\source\myo.net\myo.net\debug\stdafx.obj
d:\projects\myo.net\source\myo.net\myo.net\debug\vector3.obj
d:\projects\myo.net\source\myo.net\myo.net\debug\throwonerror.obj
d:\projects\myo.net\source\myo.net\myo.net\debug\rssidataeventargs.obj
d:\projects\myo.net\source\myo.net\myo.net\debug\recognizedarmeventargs.obj
d:\projects\myo.net\source\myo.net\myo.net\debug\quaternion.obj
d:\projects\myo.net\source\myo.net\myo.net\debug\poseeventargs.obj
d:\projects\myo.net\source\myo.net\myo.net\debug\pose.obj
d:\projects\myo.net\source\myo.net\myo.net\debug\orientationdataeventargs.obj
d:\projects\myo.net\source\myo.net\myo.net\debug\myoeventargs.obj
d:\projects\myo.net\source\myo.net\myo.net\debug\myo.obj
d:\projects\myo.net\source\myo.net\myo.net\debug\hub.obj
d:\projects\myo.net\source\myo.net\myo.net\debug\gyroscopedataeventargs.obj
d:\projects\myo.net\source\myo.net\myo.net\debug\assemblyinfo.obj
d:\projects\myo.net\source\myo.net\myo.net\debug\arm.obj
d:\projects\myo.net\source\myo.net\myo.net\debug\accelerometerdataeventargs.obj
d:\projects\myo.net\source\myo.net\myo.net\debug\.netframework,version=v4.5.assemblyattributes.obj
d:\projects\myo.net\build\debug\myo.net.dll
d:\projects\myo.net\build\debug\myo.net.pdb
d:\projects\myo.net\source\myo.net\myo.net\debug\myo.net.vcxprojresolveassemblyreference.cache
d:\projects\myo.net\source\myo.net\\..\..\build\debug\myo.net.pdb
d:\projects\myo.net\source\myo.net\\..\..\build\debug\myo.net.dll
d:\projects\myo.net\source\myo.net\myo.net\debug\myo.net.tlog\cl.command.1.tlog
d:\projects\myo.net\source\myo.net\myo.net\debug\myo.net.tlog\cl.read.1.tlog
d:\projects\myo.net\source\myo.net\myo.net\debug\myo.net.tlog\cl.write.1.tlog
d:\projects\myo.net\source\myo.net\myo.net\debug\myo.net.tlog\link.command.1.tlog
d:\projects\myo.net\source\myo.net\myo.net\debug\myo.net.tlog\link.read.1.tlog
d:\projects\myo.net\source\myo.net\myo.net\debug\myo.net.tlog\link.write.1.tlog
d:\projects\myo.net\source\myo.net\myo.net\debug\myo.net.tlog\metagen.read.1.tlog
d:\projects\myo.net\source\myo.net\myo.net\debug\myo.net.tlog\metagen.write.1.tlog
d:\projects\myo.net\source\myo.net\myo.net\debug\myo.net.tlog\tzres.dll.bi
